<?xml version="1.0" encoding="UTF-8"?>
<testng-results ignored="0" total="1" passed="1" failed="0" skipped="0">
  <reporter-output>
  </reporter-output>
  <suite started-at="2023-10-07T23:49:19 EDT" name="Default suite" finished-at="2023-10-07T23:49:25 EDT" duration-ms="6171">
    <groups>
    </groups>
    <test started-at="2023-10-07T23:49:19 EDT" name="Default test" finished-at="2023-10-07T23:49:25 EDT" duration-ms="6171">
      <class name="com.neotech.lesson01.Homework">
        <test-method is-config="true" signature="openBrowser()[pri:0, instance:com.neotech.lesson01.Homework@4218d6a3]" started-at="2023-10-07T23:49:19 EDT" name="openBrowser" finished-at="2023-10-07T23:49:25 EDT" duration-ms="5811" status="PASS">
          <reporter-output>
          </reporter-output>
        </test-method> <!-- openBrowser -->
        <test-method signature="login()[pri:0, instance:com.neotech.lesson01.Homework@4218d6a3]" started-at="2023-10-07T23:49:25 EDT" name="login" finished-at="2023-10-07T23:49:25 EDT" duration-ms="206" status="PASS">
          <reporter-output>
          </reporter-output>
        </test-method> <!-- login -->
        <test-method is-config="true" signature="quitBrowser()[pri:0, instance:com.neotech.lesson01.Homework@4218d6a3]" started-at="2023-10-07T23:49:25 EDT" name="quitBrowser" finished-at="2023-10-07T23:49:25 EDT" duration-ms="122" status="PASS">
          <reporter-output>
          </reporter-output>
        </test-method> <!-- quitBrowser -->
      </class> <!-- com.neotech.lesson01.Homework -->
    </test> <!-- Default test -->
  </suite> <!-- Default suite -->
</testng-results>
